app/build/intermediates/manifest_merge_blame_file/debug/manifest-merger-blame-debug-report.txt
1<?xml version="1.0" encoding="utf-8"?>
2<manifest xmlns:android="http://schemas.android.com/apk/res/android"
3    package="com.example.shiftroster"
4    android:versionCode="1"
5    android:versionName="1.0" >
6
7    <uses-sdk
8        android:minSdkVersion="21"
8-->src\main\AndroidManifest.xml
9        android:targetSdkVersion="30" />
9-->src\main\AndroidManifest.xml
10
11    <!-- Although the *SdkVersion is captured in gradle build files, this is required for non gradle builds -->
12    <!-- <uses-sdk android:minSdkVersion="14"/> -->
13    <uses-permission android:name="android.permission.ACCESS_NETWORK_STATE" />
13-->[com.google.firebase:firebase-storage:19.2.1] AndroidManifest.xml:26:5-79
13-->[com.google.firebase:firebase-storage:19.2.1] AndroidManifest.xml:26:22-76
14    <uses-permission android:name="android.permission.INTERNET" />
14-->[com.google.firebase:firebase-storage:19.2.1] AndroidManifest.xml:27:5-67
14-->[com.google.firebase:firebase-storage:19.2.1] AndroidManifest.xml:27:22-64
15
16    <application
16-->src\main\AndroidManifest.xml:5:5-25:19
17        android:allowBackup="true"
17-->src\main\AndroidManifest.xml:6:9-35
18        android:appComponentFactory="androidx.core.app.CoreComponentFactory"
18-->[androidx.core:core:1.5.0] AndroidManifest.xml:24:18-86
19        android:debuggable="true"
20        android:icon="@mipmap/ic_launcher"
20-->src\main\AndroidManifest.xml:7:9-43
21        android:label="@string/app_name"
21-->src\main\AndroidManifest.xml:8:9-41
22        android:roundIcon="@mipmap/ic_launcher_round"
22-->src\main\AndroidManifest.xml:9:9-54
23        android:supportsRtl="true"
23-->src\main\AndroidManifest.xml:10:9-35
24        android:theme="@style/Theme.ShiftRoster" >
24-->src\main\AndroidManifest.xml:11:9-49
25        <activity android:name="com.example.shiftroster.SplashScreen" >
25-->src\main\AndroidManifest.xml:12:9-18:20
25-->src\main\AndroidManifest.xml:12:19-47
26            <intent-filter>
26-->src\main\AndroidManifest.xml:13:13-17:29
27                <action android:name="android.intent.action.MAIN" />
27-->src\main\AndroidManifest.xml:14:17-69
27-->src\main\AndroidManifest.xml:14:25-66
28
29                <category android:name="android.intent.category.LAUNCHER" />
29-->src\main\AndroidManifest.xml:16:17-77
29-->src\main\AndroidManifest.xml:16:27-74
30            </intent-filter>
31        </activity>
32        <activity android:name="com.example.shiftroster.resourcesearch_Listview" />
32-->src\main\AndroidManifest.xml:19:9-61
32-->src\main\AndroidManifest.xml:19:19-58
33        <activity android:name="com.example.shiftroster.LeaveSearchListView" />
33-->src\main\AndroidManifest.xml:20:9-57
33-->src\main\AndroidManifest.xml:20:19-54
34        <activity android:name="com.example.shiftroster.MainActivity" >
34-->src\main\AndroidManifest.xml:21:9-23:20
34-->src\main\AndroidManifest.xml:21:19-47
35        </activity>
36        <activity android:name="com.example.shiftroster.ShiftSearchListView" />
36-->src\main\AndroidManifest.xml:24:9-57
36-->src\main\AndroidManifest.xml:24:19-54
37
38        <service
38-->[com.google.firebase:firebase-storage:19.2.1] AndroidManifest.xml:30:9-36:19
39            android:name="com.google.firebase.components.ComponentDiscoveryService"
39-->[com.google.firebase:firebase-storage:19.2.1] AndroidManifest.xml:31:13-84
40            android:directBootAware="true"
40-->[com.google.firebase:firebase-common:19.5.0] AndroidManifest.xml:35:13-43
41            android:exported="false" >
41-->[com.google.firebase:firebase-storage:19.2.1] AndroidManifest.xml:32:13-37
42            <meta-data
42-->[com.google.firebase:firebase-storage:19.2.1] AndroidManifest.xml:33:13-35:85
43                android:name="com.google.firebase.components:com.google.firebase.storage.StorageRegistrar"
43-->[com.google.firebase:firebase-storage:19.2.1] AndroidManifest.xml:34:17-107
44                android:value="com.google.firebase.components.ComponentRegistrar" />
44-->[com.google.firebase:firebase-storage:19.2.1] AndroidManifest.xml:35:17-82
45            <!--
46                This registrar is not defined in the dynamic-module-support sdk itself to allow non-firebase
47                clients to use it as well, by defining this registrar in their own core/common library.
48            -->
49            <meta-data
49-->[com.google.firebase:firebase-common:19.5.0] AndroidManifest.xml:43:13-45:85
50                android:name="com.google.firebase.components:com.google.firebase.dynamicloading.DynamicLoadingRegistrar"
50-->[com.google.firebase:firebase-common:19.5.0] AndroidManifest.xml:44:17-121
51                android:value="com.google.firebase.components.ComponentRegistrar" />
51-->[com.google.firebase:firebase-common:19.5.0] AndroidManifest.xml:45:17-82
52        </service>
53
54        <activity
54-->[com.google.android.gms:play-services-base:17.0.0] AndroidManifest.xml:23:9-26:75
55            android:name="com.google.android.gms.common.api.GoogleApiActivity"
55-->[com.google.android.gms:play-services-base:17.0.0] AndroidManifest.xml:24:13-79
56            android:exported="false"
56-->[com.google.android.gms:play-services-base:17.0.0] AndroidManifest.xml:25:13-37
57            android:theme="@android:style/Theme.Translucent.NoTitleBar" />
57-->[com.google.android.gms:play-services-base:17.0.0] AndroidManifest.xml:26:13-72
58
59        <provider
59-->[com.google.firebase:firebase-common:19.5.0] AndroidManifest.xml:26:9-31:39
60            android:name="com.google.firebase.provider.FirebaseInitProvider"
60-->[com.google.firebase:firebase-common:19.5.0] AndroidManifest.xml:27:13-77
61            android:authorities="com.example.shiftroster.firebaseinitprovider"
61-->[com.google.firebase:firebase-common:19.5.0] AndroidManifest.xml:28:13-72
62            android:directBootAware="true"
62-->[com.google.firebase:firebase-common:19.5.0] AndroidManifest.xml:29:13-43
63            android:exported="false"
63-->[com.google.firebase:firebase-common:19.5.0] AndroidManifest.xml:30:13-37
64            android:initOrder="100" />
64-->[com.google.firebase:firebase-common:19.5.0] AndroidManifest.xml:31:13-36
65
66        <meta-data
66-->[com.google.android.gms:play-services-basement:17.0.0] AndroidManifest.xml:23:9-25:69
67            android:name="com.google.android.gms.version"
67-->[com.google.android.gms:play-services-basement:17.0.0] AndroidManifest.xml:24:13-58
68            android:value="@integer/google_play_services_version" />
68-->[com.google.android.gms:play-services-basement:17.0.0] AndroidManifest.xml:25:13-66
69    </application>
70
71</manifest>